12:28 .gopson5743: [gopsom]
14:19 EntropyV0  : ./tpa EntropyV0
14:19 .Freyber536: tipa entropyV0
14:23 EntropyV0  : ./sethome
14:25 Shius_tumadre: jsjsjsj
14:26 Shius_tumadre: :3
15:01 .Freyber536  : pendejo te moriste
15:49 Shius_tumadre: ok
15:52 Shius_tumadre: p
16:18 EntropyV0    : amorcito
19:50 EntropyV0    : ./skin Killua
21:46 Shius_tumadre: ok
22:11 EntropyV0    : gopson
22:11 EntropyV0    : tambien puedes escribir por aqui
22:40 Shius_tumadre: e
23:23 Shius_tumadre: ok
23:31 EntropyV0    : Terrible mano
23:31 Shius_tumadre: JAJAJJAJA
23:32 EntropyV0    : mano, estan tus cosas aqui
23:34 .gopson5743  : Gracias mano tiy aprendiendo
23:34 EntropyV0    : no hay de que mano
23:34 EntropyV0    : cualquier cosa me dices
23:34 EntropyV0    : pero por aqui
23:34 .gopson5743  : qn me mató de paso?
23:34 EntropyV0    : un creaper
23:34 EntropyV0    : un bicho que explota
23:35 .gopson5743  : terrible
