17:32 EntropyV0 : listo mano
17:32 EntropyV0 : ahora haz esto
17:33 EntropyV0 : pon en los comentario ./tpaccept
17:33 EntropyV0 : para aceptar el tp
17:34 EntropyV0 : Mano
17:34 EntropyV0 : dale aceptar
17:34 .gopson5743: dónde
17:34 .gopson5743: dónde sale aceptar
17:35 EntropyV0  : ./tpaccept debes escribir
17:35 EntropyV0  : sin el .
17:35 EntropyV0  : dale aceptar
17:35 EntropyV0  : o sea, el comando
17:39 EntropyV0  : puedes moverte?
17:50 EntropyV0  : pusiste el comando mano?
17:50 EntropyV0  : o te sale error?
17:50 EntropyV0  : Parece que no te puede mover
17:50 EntropyV0  : o andas muy lag
17:50 EntropyV0  : que te dice el comando?
17:50 EntropyV0  : xD
17:51 EntropyV0  : no me golpees
17:51 .gopson5743: puro error
17:51 EntropyV0  : que error te sale
17:51 .gopson5743: comando desconocido
17:51 EntropyV0  : escribemelo
17:51 EntropyV0  : ya veo, debo revisar eso para que lo puedan usar
17:51 EntropyV0  : pero por ahora puedes moverte,\
17:51 EntropyV0  : juega lo que quieras
17:51 .gopson5743: me sale desconocido o incompleto
17:52 EntropyV0  : lo escribiste completo
17:52 EntropyV0  : ./tpa EntropyV0
17:52 EntropyV0  : si te sale error no importa, eso lo arreglo, debe ser un tema de permisos
17:52 EntropyV0  : por ahora, juega
17:53 .gopson5743: pk
17:53 .gopson5743: gracias mano
17:53 EntropyV0  : No hay de que mano, mas tarde se conectan, hare el anuncio y arreglo eso para que puedas hace tpa a los otros jugadores
18:38 EntropyV0  : todo bien mano?
18:39 .gopson5743: sape
18:39 .gopson5743: déjame construir jajaj
18:39 EntropyV0  : Puedes contruir
18:39 EntropyV0  : no?
18:39 .gopson5743: sip
