00:02 EntropyV0    : gopson
00:02 EntropyV0    : el carbon se consigue minando
00:03 .gopson5743  : ya tengo madera pero no se cómo funciona el horno
00:03 EntropyV0    : ./home castillo
00:05 EntropyV0    : ./sethome castillo
00:05 .gopson5743  : voy aver tutorial
00:05 EntropyV0    : Dale mano
00:06 .gopson5743  : cuando quieras ve a la casa para que veas cómo está quedando toy aquí
00:06 EntropyV0    : dale mano, si va
00:06 EntropyV0    : No te sirve el discord mano? para explicarte cosas
00:07 .gopson5743  : me reduce la señal
00:07 .gopson5743  : no me deja a la vez jugar
00:08 EntropyV0    : quieres comida mano?
00:08 .gopson5743  : si porfa
00:08 Shius_tumadre: ok
00:08 EntropyV0    : aqui tienes mano
00:08 EntropyV0    : zanahoria
00:08 EntropyV0    : eso es comida mano
00:09 .gopson5743  : gracias man
00:09 EntropyV0    : quieres carbon mano?
00:09 .gopson5743  : ya tengo creo
00:09 EntropyV0    : dale mano
00:09 Shius_tumadre: pidenos ayuda
00:10 .gopson5743  : dale yo seguiré
00:10 EntropyV0    : Dale mano
00:10 EntropyV0    : cualquier cosa nos avisas
00:35 EntropyV0    : EPa mano, nos retiramos, dejo el server para que sigas
00:36 .gopson5743  : yo también me boy
00:36 EntropyV0    : vuelves?
00:36 EntropyV0    : o cierro el server?
00:36 EntropyV0    : ya es tarde mano, mejor lo cierro
20:38 .Zayasen  : mw da un retraso brutal el server
22:39 .Freyber536: tpa/Alex04625
22:41 EntropyV0  : como les va?
22:41 .Freyber536: beru
22:41 EntropyV0  : Dime mano?
22:41 .Freyber536: trae a Dana al castillo
22:41 .Freyber536: sale como usuario morita
22:41 EntropyV0  : Traje a ALex sin querer
22:42 .gopson5743: beru puedo ir a tu casa
22:42 .gopson5743: van a ir a minas?
22:42 .Freyber536: gracias beru
22:42 .AleX04625 : mandenme al Infierno
22:43 .AleX04625 : beru Mándame al Nether
22:43 .AleX04625 : así desnudo
22:43 EntropyV0  : xD
22:43 EntropyV0  : terrible mano
22:43 EntropyV0  : Este es el castillo de shoes y mio
22:44 EntropyV0  : puedes abrir los cofreS?
22:44 .gopson5743: bello
22:44 .gopson5743: qn?
22:44 .AleX04625 : beru dónde tienes el portal del Nether
22:44 EntropyV0  : Lo quite, lo debo poner
22:44 EntropyV0  : Ahora lo hago
22:45 .Freyber536: Dana tas viva???
22:46 .Moritasdf : sisi
22:46 .Freyber536: si estás hablando no te escucho xd
22:46 EntropyV0  : A ver, que quieres hacer gopson? ahora se conecta SHoes
22:46 EntropyV0  : le saco del juego?
22:46 .gopson5743: si van a ir a minas lleven me
22:47 .Freyber536: lo tiran en la lava plis
22:47 EntropyV0  : Dale mano, esperemos a SHoes y vamos a la mina
22:47 EntropyV0  : xD
22:48 .Freyber536: beru
22:48 .Freyber536: se le cerró todo xd
22:48 EntropyV0  : QUe error le salio?
22:49 EntropyV0  : Se le cerro pero como mano?
22:49 .gopson5743: freyber ya bella tu casa
22:50 .Freyber536: jajajajajaj
22:50 .Freyber536: la. verdad nidea
22:52 EntropyV0  : gopson te puedes perder
22:52 EntropyV0  : xD
22:52 EntropyV0  : Este es el infierno mano
22:53 EntropyV0  : el end todavia no hemos ido
22:53 EntropyV0  : A ver, puede seguir, en un rato vamos a la mina mano
22:56 EntropyV0  : Estas bien Alex?
23:04 .AleX04625 : Beru Tp
23:05 .AleX04625 : por hacerle caso a Frey termine con una Orda inmensa de Zombies
23:05 EntropyV0  : xD
23:05 EntropyV0  : golpeaste a los cerdos ?
23:05 .AleX04625 : Freyber quería ver
23:05 EntropyV0  : anda contigo alla?
23:05 .AleX04625 : Estoy con el aquí orita
23:14 .gopson5743: cómo me mataron si estaba inactivo?
23:14 EntropyV0  : te moriste? si te quedas quieto, igual mueres mano
23:19 .gopson5743: nojombre mano se me le presento algo no sabía perdí muchas cosas
23:19 .gopson5743: bueno ya que
23:19 EntropyV0  : como mano?
23:19 EntropyV0  : pero explicame, no deberias perder cosas
23:20 EntropyV0  : que perdiste?
23:20 .gopson5743: no sé dónde morí
23:20 EntropyV0  : dale back
23:20 EntropyV0  : ./back?
23:23 EntropyV0  : te deje el carbon y el cristan en el cofre
23:25 .gopson5743: perdón me salgo sin querer
23:25 .gopson5743: van a la mina?
23:25 EntropyV0  : no se mano, creo que hoy no
