00:12 EntropyV0    : Buenas mano
00:14 .Zayasen     : dima
00:14 .Zayasen     : hola broski
00:14 EntropyV0    : HOla mano, puede utilizar ./tpa y tpaccept
00:14 .Zayasen     : @
00:14 EntropyV0    : para ir hacia el
00:14 EntropyV0    : Pero se salio ahorita xD
00:14 .Zayasen     : xdd
00:14 EntropyV0    : amigo de julian?
00:14 .Zayasen     : estan mos comandos activos?
00:15 .Zayasen     : sis
00:15 EntropyV0    : Prueba /tpa
00:15 EntropyV0    : Prueba /tpa y mi nombre
00:15 EntropyV0    : pc o telefono?
00:15 .gopson5743  : hola mano
00:15 EntropyV0    : Te sirve? ME dices porque ando en desarrollo el server, puede haber errores
00:16 .Zayasen     : ambas bro, pc y celu
00:16 EntropyV0    : Puedes jugar en pc en la 1.20.6 tambien, si se te hace mas comodo
00:17 .Zayasen     : por los comandos? low cambiaron?
00:17 .gopson5743  : mano te sirve?
00:17 EntropyV0    : Como asi? Pon /tpa .gopson5743
00:17 EntropyV0    : y el debe colocar /tpaccept
00:17 .gopson5743  : ok voy pendiente
00:17 EntropyV0    : Les sirve el comando?
00:18 .Zayasen     : nop :/
00:18 EntropyV0    : Dejame ver
00:18 EntropyV0    : andas en cel?
00:18 .gopson5743  : el es de pc
00:19 EntropyV0    : Entro al portal?
00:19 Shius_tumadre: si
00:20 .gopson5743  : que pasó
00:20 EntropyV0    : Tu amigo se salio
00:20 EntropyV0    : tengo que ver porque no le funciona el comando, dile que entre de nuevo
00:20 .gopson5743  : bueno el debe de saber espera
00:33 EntropyV0    : DEsde el juego dime lo que te ale
00:34 .gopson5743  : tpa EntropyV0
00:34 EntropyV0    : pero /
00:34 EntropyV0    : con la barra al principio
00:35 EntropyV0    : si te sirve mano
00:35 .gopson5743  : sape
00:35 EntropyV0    : ESta es la casa de Shoes y la mia
00:35 EntropyV0    : que te salia en los comentarios?
00:35 EntropyV0    : cuando pusiste el comando?
00:35 .gopson5743  : eeoor
00:35 EntropyV0    : Error?
00:35 .gopson5743  : error
00:35 EntropyV0    : Tomale foto
00:35 EntropyV0    : al error mano
00:36 EntropyV0    : porque si funciono
00:36 EntropyV0    : tomale la captura a la caja de comentario y mandamela cuando pones el comando
00:37 EntropyV0    : Escribeme exactamente lo que te sale al poner el comando
00:38 .gopson5743  : yava como. vuelvo a mi casa
00:38 EntropyV0    : con /home
00:38 EntropyV0    : pon /home
00:38 Shius_tumadre: que sale?
00:38 EntropyV0    : pon /home asi, con la barra
00:39 EntropyV0    : pon /home chamo
00:39 .gopson5743  : nada
00:39 .gopson5743  : no hace nd
00:39 EntropyV0    : ningun error, pero me dijiste que funconaba
00:39 Shius_tumadre: presiona t y luego /+home
00:39 Shius_tumadre: quita el +
00:40 EntropyV0    : Pusiste /sethome en tu casa mano?
00:40 .gopson5743  : sip
00:40 .gopson5743  : pero me sale dos gopsom
00:40 EntropyV0    : ahora pon /homes
00:40 Shius_tumadre: pon /home
00:40 EntropyV0    : ENtonces pon /home gopsom
00:40 EntropyV0    : el nombre que le pusiste a tu casa
00:41 .gopson5743  : gopsom
00:41 .gopson5743  : njd
00:41 EntropyV0    : entonces pon /home hopsom
00:42 EntropyV0    : pero con el /home, con la barrita y el hom + hopsom
00:42 EntropyV0    : gopsom
00:42 EntropyV0    : cuando pones /homes que te sale?
00:42 EntropyV0    : una lista de nombres, cierto?
00:42 EntropyV0    : pon /home seguido de cualquiera de esos nombres
00:43 .gopson5743  : mando desconocido dice
00:43 EntropyV0    : pon /homes
00:43 EntropyV0    : te sale una lista de nombres?
00:43 .gopson5743  : sip me sale dos
00:43 .gopson5743  : cuando pongo/home
00:43 EntropyV0    : lo estas escribiendo mal
00:43 .gopson5743  : solito me sale dos opciones en amarillo
00:43 EntropyV0    : mano estoy viendo que estas poniendo mal el comando
00:44 EntropyV0    : ./home gopsom, con espaciop
00:44 EntropyV0    : ./home espacio y el nombre que te sale en la lista
00:44 Shius_tumadre: pones pleca home espacio gopsom
00:44 EntropyV0    : los nombres son iguales?
00:45 .gopson5743  : solo que con la m al final
00:45 .gopson5743  : son diferentes por una letra
00:45 Shius_tumadre: pones /home .gopson5743
00:45 Shius_tumadre: asi
00:46 .gopson5743  : me sale en amarillo homes: Home gopson_, gopsom
00:46 EntropyV0    : ./home gopsom
00:46 EntropyV0    : ./home gopson_
00:46 EntropyV0    : prueba con uno de los dos
00:47 .gopson5743  : lleva punto?
00:47 EntropyV0    : No, sin el punto al principio
00:48 Shius_tumadre: .
00:48 .gopson5743  : nada mano mam
00:48 .gopson5743  : me sale la.misma notificaciones en amarillo
14:56 EntropyV0 : Miren
14:56 EntropyV0 : Estan alli?
14:57 .Zayasen  : dima que haces >;v
14:58 .Zayasen  : como te atrevez DEJAR ARBOLES FLOTANDO?!!!!
15:02 .Zayasen  : estan en vc?
15:02 .gopson5743: si
15:02 .Zayasen   : vavaav
15:03 .Zayasen   : ya enrto
15:03 .gopson5743: entra por la puerta del lado
15:03 .Zayasen   : mrk donde esta el vc??
15:04 .Zayasen   : el discord no dice nada
15:04 .gopson5743: casa
15:04 EntropyV0  : Gopson
15:04 .gopson5743: no hay dc
15:04 EntropyV0  : pon /home casa
15:04 EntropyV0  : y dime que te sale
15:04 .gopson5743: comando desconocido
15:04 EntropyV0  : que estas poniendo chamo
15:04 .Zayasen   : me tepeo al spawn
15:05 .Zayasen   : deberiamos decorarlo un poco tal vez xd
15:05 EntropyV0  : chamo gopson lo estas poniendo en mayuscula
15:05 EntropyV0  : es home en minuscula
15:05 EntropyV0  : ./home casa
15:06 EntropyV0  : Jualian, ponlo bien el comando
15:06 EntropyV0  : ./home casa
15:06 EntropyV0  : Que te sale?
15:06 .gopson5743: me sale dos opciones
15:06 .gopson5743: amarilas
15:06 EntropyV0  : cuales?
15:06 .gopson5743: la dos casas de gopson me imagino
15:07 EntropyV0  : no te imaginas, dime exactamente lo que te dice
15:07 .gopson5743: Homes: Home,_gopson_,gopsom
15:07 .gopson5743: así
15:09 EntropyV0  : ahora pon /homes y dime que te sale?
15:09 .gopson5743: lo mismo que puse al hace rato
15:11 EntropyV0  : ahora intenta hacer lo mismo mano
15:11 EntropyV0  : perdoname por molestarte pero quiero mejroar eso antes de pasar a demas cosas
15:12 EntropyV0  : pon /homes
15:12 .gopson5743: me saco mano
15:12 EntropyV0  : donde te saco?
15:12 .gopson5743: afuera de mi casa
15:12 .gopson5743: si funcionó
15:13 EntropyV0  : ahora pon esto /sethome casa
15:13 EntropyV0  : adentro de tu casa
15:13 EntropyV0  : Te sale un mensaj en ingles no?
15:13 .gopson5743: si
15:13 .gopson5743: en amarillo
15:13 EntropyV0  : ahora pon /homes
15:14 .gopson5743: si funcionó
15:14 EntropyV0  : te sale la lista de tus casa?
15:14 .gopson5743: me dió teleporting to home
15:14 .gopson5743: e.dijo
15:15 EntropyV0  : Funciono Zayasen?
15:15 EntropyV0  : vi que usaste el comando
15:15 .Zayasen   : esto estya arrechisimo alv :O
15:15 .Zayasen   : si funsiono
15:15 EntropyV0  : perfecto ahora alejense un poco y que gopson ponga. /tpa .Zayasen
15:16 EntropyV0  : pendiente Zayasen para ver si te sale un mensaje de /tpaccept
15:16 EntropyV0  : con el punto mano .Zayasen
15:16 EntropyV0  : asi /tpa .Zayasen
15:17 EntropyV0  : Te salio /tpaccept Zayasen?
15:17 .Zayasen   : los tp funsionan por solicitud
15:17 EntropyV0  : Exacto
15:17 EntropyV0  : es decir cuando alguien quiere ir a dodne estas debes aceptarlo o denegarlo
15:17 .Zayasen   : ya entiendo, ta god esto la vrd
15:17 EntropyV0  : Perfecto, parece que esto ya funciona bien, cualquier cosa me avisan
15:18 .Zayasen   : vavava
15:20 .Zayasen   : dima te juro q si veo otro arbol flotando te voy a suicidar D;< xdxdxd
15:21 .gopson5743: Zaya aquí puse una herramienta
15:21 .gopson5743: aquí en la casa
15:21 .Zayasen   : pq estas cavando con una espada?
15:22 .Zayasen   : mrk hagamos chat de voz mejor xs
15:22 .gopson5743: dale ps
15:22 .gopson5743: hagan el dc
15:23 EntropyV0  : EL dc es el de la ocmunidad mano
15:23 EntropyV0  : el de shadow Garden
15:23 .Zayasen   : discord o wasa?
15:23 EntropyV0  : por cierto, si necesitan comida me dicen, tengo mucha
15:23 EntropyV0  : discord, no se ti te ha invitado a la comunidad
15:24 .Zayasen   : a ya
15:24 .Zayasen   : sis
15:24 .Zayasen   : estoy :J
15:47 .Zayasen   : wtf con el server? xd?
15:47 EntropyV0  : que paso?
15:48 .Zayasen   : unete al vc en discord
15:50 .gopson5743: beru
15:50 EntropyV0  : Dime
15:50 .gopson5743: hay un problema de permisos
15:50 .Zayasen   : unete al chat de voz en disccord
15:51 .gopson5743: Zayanse está aquí en mi casa y cuando trato de poner algo cerca de el no me deja
18:15 EntropyV0 : Escribe mano
18:19 EntropyV0 : puedes jugar mano?
21:57 EntropyV0 : https://novask.in/5884833385
21:57 EntropyV0 : Uta (One Piece Film Red)
22:02 EntropyV0 : ./skin url "https://minesk.in/30f5756ee56a41cb9755cfc9a45a5cde" classic
22:02 Shius_tumadre: ya?
23:11 Shius_tumadre: ok
23:12 EntropyV0    : dsd
23:12 .gopson5743  : dónde hay carbón?
23:13 EntropyV0    : diamanstes y te regalo
23:13 .gopson5743  : nombre;(
23:14 .gopson5743  : mano es para comer
23:20 .Freyber536  : tpa gopson5743
23:23 EntropyV0    : ./skin url "URL"
23:24 EntropyV0    : ./skin url "URL"
23:47 Shius_tumadre: ok
23:48 EntropyV0    : ./sethome
